[2025-09-26T12:47:24.728Z] ERROR: Axios response error: Request failed with status code 500
[2025-09-26T12:47:24.728Z] ERROR: SEO Fetch Error: {
  message: 'An error occurred while processing your request. Please try again later.',
  name: 'AxiosError',
  code: 'ERR_BAD_RESPONSE',
  config: {
    transitional: {
      silentJSONParsing: true,
      forcedJSONParsing: true,
      clarifyTimeoutError: false
    },
    adapter: [ 'xhr', 'http', 'fetch' ],
    transformRequest: [ [Function: transformRequest] ],
    transformResponse: [ [Function: transformResponse] ],
    timeout: 0,
    xsrfCookieName: 'XSRF-TOKEN',
    xsrfHeaderName: 'X-XSRF-TOKEN',
    maxContentLength: -1,
    maxBodyLength: -1,
    env: { FormData: [Function [FormData]], Blob: [class Blob] },
    validateStatus: [Function: validateStatus],
    headers: Object [AxiosHeaders] {
      Accept: 'application/json, text/plain, */*',
      'Content-Type': undefined,
      'x-api-key': 'bG9jYWx4bGlzdDEyMzoxNzU4ODkwODQ0',
      'User-Agent': 'axios/1.11.0',
      'Accept-Encoding': 'gzip, compress, deflate, br'
    },
    baseURL: 'https://api.localxlist.net',
    method: 'get',
    url: '/api/v1/categories/seo/Australia And United Kingdom/United Kingdom/Birmingham West Mids',
    allowAbsoluteUrls: true,
    data: undefined
  },
  request: <ref *1> ClientRequest {
    _events: [Object: null prototype] {
      abort: [Function (anonymous)],
      aborted: [Function (anonymous)],
      connect: [Function (anonymous)],
      error: [Function (anonymous)],
      socket: [Function (anonymous)],
      timeout: [Function (anonymous)],
      finish: [Function: requestOnFinish]
    },
    _eventsCount: 7,
    _maxListeners: undefined,
    outputData: [],
    outputSize: 0,
    writable: true,
    destroyed: true,
    _last: true,
    chunkedEncoding: false,
    shouldKeepAlive: true,
    maxRequestsOnConnectionReached: false,
    _defaultKeepAlive: true,
    useChunkedEncodingByDefault: false,
    sendDate: false,
    _removedConnection: false,
    _removedContLen: false,
    _removedTE: false,
    strictContentLength: false,
    _contentLength: 0,
    _hasBody: true,
    _trailer: '',
    finished: true,
    _headerSent: true,
    _closed: true,
    _header: 'GET /api/v1/categories/seo/Australia%20And%20United%20Kingdom/United%20Kingdom/Birmingham%20West%20Mids HTTP/1.1\r\n' +
      'Accept: application/json, text/plain, */*\r\n' +
      'x-api-key: bG9jYWx4bGlzdDEyMzoxNzU4ODkwODQ0\r\n' +
      'User-Agent: axios/1.11.0\r\n' +
      'Accept-Encoding: gzip, compress, deflate, br\r\n' +
      'Host: api.localxlist.net\r\n' +
      'Connection: keep-alive\r\n' +
      '\r\n',
    _keepAliveTimeout: 0,
    _onPendingData: [Function: nop],
    agent: Agent {
      _events: [Object: null prototype],
      _eventsCount: 2,
      _maxListeners: undefined,
      defaultPort: 443,
      protocol: 'https:',
      options: [Object: null prototype],
      requests: [Object: null prototype] {},
      sockets: [Object: null prototype] {},
      freeSockets: [Object: null prototype],
      keepAliveMsecs: 1000,
      keepAlive: true,
      maxSockets: Infinity,
      maxFreeSockets: 256,
      scheduling: 'lifo',
      maxTotalSockets: Infinity,
      totalSocketCount: 5,
      maxCachedSessions: 100,
      _sessionCache: [Object],
      [Symbol(shapeMode)]: false,
      [Symbol(kCapture)]: false
    },
    socketPath: undefined,
    method: 'GET',
    maxHeaderSize: undefined,
    insecureHTTPParser: undefined,
    joinDuplicateHeaders: undefined,
    path: '/api/v1/categories/seo/Australia%20And%20United%20Kingdom/United%20Kingdom/Birmingham%20West%20Mids',
    _ended: true,
    res: IncomingMessage {
      _events: [Object],
      _readableState: [ReadableState],
      _maxListeners: undefined,
      socket: null,
      httpVersionMajor: 1,
      httpVersionMinor: 1,
      httpVersion: '1.1',
      complete: true,
      rawHeaders: [Array],
      rawTrailers: [],
      joinDuplicateHeaders: undefined,
      aborted: false,
      upgrade: false,
      url: '',
      method: null,
      statusCode: 500,
      statusMessage: 'Internal Server Error',
      client: [TLSSocket],
      _consuming: false,
      _dumped: false,
      req: [Circular *1],
      _eventsCount: 4,
      responseUrl: 'https://api.localxlist.net/api/v1/categories/seo/Australia%20And%20United%20Kingdom/United%20Kingdom/Birmingham%20West%20Mids',
      redirects: [],
      [Symbol(shapeMode)]: true,
      [Symbol(kCapture)]: false,
      [Symbol(kHeaders)]: [Object],
      [Symbol(kHeadersCount)]: 52,
      [Symbol(kTrailers)]: null,
      [Symbol(kTrailersCount)]: 0
    },
    aborted: false,
    timeoutCb: null,
    upgradeOrConnect: false,
    parser: null,
    maxHeadersCount: null,
    reusedSocket: true,
    host: 'api.localxlist.net',
    protocol: 'https:',
    _redirectable: Writable {
      _events: [Object],
      _writableState: [WritableState],
      _maxListeners: undefined,
      _options: [Object],
      _ended: true,
      _ending: true,
      _redirectCount: 0,
      _redirects: [],
      _requestBodyLength: 0,
      _requestBodyBuffers: [],
      _eventsCount: 3,
      _onNativeResponse: [Function (anonymous)],
      _currentRequest: [Circular *1],
      _currentUrl: 'https://api.localxlist.net/api/v1/categories/seo/Australia%20And%20United%20Kingdom/United%20Kingdom/Birmingham%20West%20Mids',
      [Symbol(shapeMode)]: true,
      [Symbol(kCapture)]: false
    },
    [Symbol(shapeMode)]: false,
    [Symbol(kCapture)]: false,
    [Symbol(kBytesWritten)]: 0,
    [Symbol(kNeedDrain)]: false,
    [Symbol(corked)]: 0,
    [Symbol(kChunkedBuffer)]: [],
    [Symbol(kChunkedLength)]: 0,
    [Symbol(kSocket)]: TLSSocket {
      _tlsOptions: [Object],
      _secureEstablished: true,
      _securePending: false,
      _newSessionPending: false,
      _controlReleased: true,
      secureConnecting: false,
      _SNICallback: null,
      servername: 'api.localxlist.net',
      alpnProtocol: false,
      authorized: true,
      authorizationError: null,
      encrypted: true,
      _events: [Object: null prototype],
      _eventsCount: 9,
      connecting: false,
      _hadError: false,
      _parent: null,
      _host: 'api.localxlist.net',
      _closeAfterHandlingError: false,
      _readableState: [ReadableState],
      _writableState: [WritableState],
      allowHalfOpen: false,
      _maxListeners: undefined,
      _sockname: null,
      _pendingData: null,
      _pendingEncoding: '',
      server: undefined,
      _server: null,
      ssl: [TLSWrap],
      _requestCert: true,
      _rejectUnauthorized: true,
      timeout: 5000,
      parser: null,
      _httpMessage: null,
      [Symbol(alpncallback)]: null,
      [Symbol(res)]: [TLSWrap],
      [Symbol(verified)]: true,
      [Symbol(pendingSession)]: null,
      [Symbol(async_id_symbol)]: -1,
      [Symbol(kHandle)]: [TLSWrap],
      [Symbol(lastWriteQueueSize)]: 0,
      [Symbol(timeout)]: Timeout {
        _idleTimeout: 5000,
        _idlePrev: [TimersList],
        _idleNext: [Timeout],
        _idleStart: 541936,
        _onTimeout: [Function: bound ],
        _timerArgs: undefined,
        _repeat: null,
        _destroyed: false,
        [Symbol(refed)]: false,
        [Symbol(kHasPrimitive)]: false,
        [Symbol(asyncId)]: 596238,
        [Symbol(triggerId)]: 596236,
        [Symbol(kAsyncContextFrame)]: undefined,
        [Symbol(kResourceStore)]: undefined,
        [Symbol(kResourceStore)]: undefined,
        [Symbol(kResourceStore)]: undefined,
        [Symbol(kResourceStore)]: undefined
      },
      [Symbol(kBuffer)]: null,
      [Symbol(kBufferCb)]: null,
      [Symbol(kBufferGen)]: null,
      [Symbol(shapeMode)]: true,
      [Symbol(kCapture)]: false,
      [Symbol(kSetNoDelay)]: false,
      [Symbol(kSetKeepAlive)]: true,
      [Symbol(kSetKeepAliveInitialDelay)]: 1,
      [Symbol(kBytesRead)]: 0,
      [Symbol(kBytesWritten)]: 0,
      [Symbol(connect-options)]: [Object]
    },
    [Symbol(kOutHeaders)]: [Object: null prototype] {
      accept: [Array],
      'x-api-key': [Array],
      'user-agent': [Array],
      'accept-encoding': [Array],
      host: [Array]
    },
    [Symbol(errored)]: null,
    [Symbol(kHighWaterMark)]: 65536,
    [Symbol(kRejectNonStandardBodyWrites)]: false,
    [Symbol(kUniqueHeaders)]: null
  },
  response: {
    status: 500,
    statusText: 'Internal Server Error',
    headers: Object [AxiosHeaders] {
      server: 'nginx',
      date: 'Fri, 26 Sep 2025 12:47:24 GMT',
      'content-type': 'application/json; charset=utf-8',
      'content-length': '89',
      connection: 'keep-alive',
      'surrogate-control': 'no-store',
      'x-dns-prefetch-control': 'off',
      'origin-agent-cluster': '?1',
      pragma: 'no-cache',
      'cross-origin-resource-policy': 'same-origin',
      'x-frame-options': 'SAMEORIGIN',
      'content-security-policy': "default-src 'self';base-uri 'self';font-src 'self' https: data:;form-action 'self';frame-ancestors 'self';img-src 'self' data:;object-src 'none';script-src 'self';script-src-attr 'none';style-src 'self' https: 'unsafe-inline';upgrade-insecure-requests",
      'cache-control': 'no-store, no-cache, must-revalidate, proxy-revalidate',
      'access-control-allow-origin': '*',
      'strict-transport-security': 'max-age=31536000; includeSubDomains',
      'referrer-policy': 'no-referrer',
      'x-permitted-cross-domain-policies': 'none',
      'cross-origin-opener-policy': 'same-origin',
      'x-xss-protection': '0',
      'x-download-options': 'noopen',
      'x-content-type-options': 'nosniff',
      expires: '0',
      'x-powered-by': 'Phusion Passenger(R) 6.0.27',
      etag: 'W/"59-uJuN/q7myW1ZKL9Ma5zNv7YSn6s"',
      status: '500 Internal Server Error',
      vary: 'Accept-Encoding,User-Agent'
    },
    config: {
      transitional: [Object],
      adapter: [Array],
      transformRequest: [Array],
      transformResponse: [Array],
      timeout: 0,
      xsrfCookieName: 'XSRF-TOKEN',
      xsrfHeaderName: 'X-XSRF-TOKEN',
      maxContentLength: -1,
      maxBodyLength: -1,
      env: [Object],
      validateStatus: [Function: validateStatus],
      headers: [Object [AxiosHeaders]],
      baseURL: 'https://api.localxlist.net',
      method: 'get',
      url: '/api/v1/categories/seo/Australia And United Kingdom/United Kingdom/Birmingham West Mids',
      allowAbsoluteUrls: true,
      data: undefined
    },
    request: <ref *1> ClientRequest {
      _events: [Object: null prototype],
      _eventsCount: 7,
      _maxListeners: undefined,
      outputData: [],
      outputSize: 0,
      writable: true,
      destroyed: true,
      _last: true,
      chunkedEncoding: false,
      shouldKeepAlive: true,
      maxRequestsOnConnectionReached: false,
      _defaultKeepAlive: true,
      useChunkedEncodingByDefault: false,
      sendDate: false,
      _removedConnection: false,
      _removedContLen: false,
      _removedTE: false,
      strictContentLength: false,
      _contentLength: 0,
      _hasBody: true,
      _trailer: '',
      finished: true,
      _headerSent: true,
      _closed: true,
      _header: 'GET /api/v1/categories/seo/Australia%20And%20United%20Kingdom/United%20Kingdom/Birmingham%20West%20Mids HTTP/1.1\r\n' +
        'Accept: application/json, text/plain, */*\r\n' +
        'x-api-key: bG9jYWx4bGlzdDEyMzoxNzU4ODkwODQ0\r\n' +
        'User-Agent: axios/1.11.0\r\n' +
        'Accept-Encoding: gzip, compress, deflate, br\r\n' +
        'Host: api.localxlist.net\r\n' +
        'Connection: keep-alive\r\n' +
        '\r\n',
      _keepAliveTimeout: 0,
      _onPendingData: [Function: nop],
      agent: [Agent],
      socketPath: undefined,
      method: 'GET',
      maxHeaderSize: undefined,
      insecureHTTPParser: undefined,
      joinDuplicateHeaders: undefined,
      path: '/api/v1/categories/seo/Australia%20And%20United%20Kingdom/United%20Kingdom/Birmingham%20West%20Mids',
      _ended: true,
      res: [IncomingMessage],
      aborted: false,
      timeoutCb: null,
      upgradeOrConnect: false,
      parser: null,
      maxHeadersCount: null,
      reusedSocket: true,
      host: 'api.localxlist.net',
      protocol: 'https:',
      _redirectable: [Writable],
      [Symbol(shapeMode)]: false,
      [Symbol(kCapture)]: false,
      [Symbol(kBytesWritten)]: 0,
      [Symbol(kNeedDrain)]: false,
      [Symbol(corked)]: 0,
      [Symbol(kChunkedBuffer)]: [],
      [Symbol(kChunkedLength)]: 0,
      [Symbol(kSocket)]: [TLSSocket],
      [Symbol(kOutHeaders)]: [Object: null prototype],
      [Symbol(errored)]: null,
      [Symbol(kHighWaterMark)]: 65536,
      [Symbol(kRejectNonStandardBodyWrites)]: false,
      [Symbol(kUniqueHeaders)]: null
    },
    data: {
      success: false,
      message: "Cannot read properties of undefined (reading 'toLowerCase')"
    }
  },
  status: 500
}
[2025-09-26T12:47:34.154Z] ERROR: Axios response error: Request failed with status code 500
[2025-09-26T12:47:34.154Z] ERROR: SEO Fetch Error: {
  message: 'An error occurred while processing your request. Please try again later.',
  name: 'AxiosError',
  code: 'ERR_BAD_RESPONSE',
  config: {
    transitional: {
      silentJSONParsing: true,
      forcedJSONParsing: true,
      clarifyTimeoutError: false
    },
    adapter: [ 'xhr', 'http', 'fetch' ],
    transformRequest: [ [Function: transformRequest] ],
    transformResponse: [ [Function: transformResponse] ],
    timeout: 0,
    xsrfCookieName: 'XSRF-TOKEN',
    xsrfHeaderName: 'X-XSRF-TOKEN',
    maxContentLength: -1,
    maxBodyLength: -1,
    env: { FormData: [Function [FormData]], Blob: [class Blob] },
    validateStatus: [Function: validateStatus],
    headers: Object [AxiosHeaders] {
      Accept: 'application/json, text/plain, */*',
      'Content-Type': undefined,
      'x-api-key': 'bG9jYWx4bGlzdDEyMzoxNzU4ODkwODU0',
      'User-Agent': 'axios/1.11.0',
      'Accept-Encoding': 'gzip, compress, deflate, br'
    },
    baseURL: 'https://api.localxlist.net',
    method: 'get',
    url: '/api/v1/categories/seo/Latin America/Brazil/Salvador Bahia',
    allowAbsoluteUrls: true,
    data: undefined
  },
  request: <ref *1> ClientRequest {
    _events: [Object: null prototype] {
      abort: [Function (anonymous)],
      aborted: [Function (anonymous)],
      connect: [Function (anonymous)],
      error: [Function (anonymous)],
      socket: [Function (anonymous)],
      timeout: [Function (anonymous)],
      finish: [Function: requestOnFinish]
    },
    _eventsCount: 7,
    _maxListeners: undefined,
    outputData: [],
    outputSize: 0,
    writable: true,
    destroyed: true,
    _last: true,
    chunkedEncoding: false,
    shouldKeepAlive: true,
    maxRequestsOnConnectionReached: false,
    _defaultKeepAlive: true,
    useChunkedEncodingByDefault: false,
    sendDate: false,
    _removedConnection: false,
    _removedContLen: false,
    _removedTE: false,
    strictContentLength: false,
    _contentLength: 0,
    _hasBody: true,
    _trailer: '',
    finished: true,
    _headerSent: true,
    _closed: true,
    _header: 'GET /api/v1/categories/seo/Latin%20America/Brazil/Salvador%20Bahia HTTP/1.1\r\n' +
      'Accept: application/json, text/plain, */*\r\n' +
      'x-api-key: bG9jYWx4bGlzdDEyMzoxNzU4ODkwODU0\r\n' +
      'User-Agent: axios/1.11.0\r\n' +
      'Accept-Encoding: gzip, compress, deflate, br\r\n' +
      'Host: api.localxlist.net\r\n' +
      'Connection: keep-alive\r\n' +
      '\r\n',
    _keepAliveTimeout: 0,
    _onPendingData: [Function: nop],
    agent: Agent {
      _events: [Object: null prototype],
      _eventsCount: 2,
      _maxListeners: undefined,
      defaultPort: 443,
      protocol: 'https:',
      options: [Object: null prototype],
      requests: [Object: null prototype] {},
      sockets: [Object: null prototype] {},
      freeSockets: [Object: null prototype],
      keepAliveMsecs: 1000,
      keepAlive: true,
      maxSockets: Infinity,
      maxFreeSockets: 256,
      scheduling: 'lifo',
      maxTotalSockets: Infinity,
      totalSocketCount: 6,
      maxCachedSessions: 100,
      _sessionCache: [Object],
      [Symbol(shapeMode)]: false,
      [Symbol(kCapture)]: false
    },
    socketPath: undefined,
    method: 'GET',
    maxHeaderSize: undefined,
    insecureHTTPParser: undefined,
    joinDuplicateHeaders: undefined,
    path: '/api/v1/categories/seo/Latin%20America/Brazil/Salvador%20Bahia',
    _ended: true,
    res: IncomingMessage {
      _events: [Object],
      _readableState: [ReadableState],
      _maxListeners: undefined,
      socket: null,
      httpVersionMajor: 1,
      httpVersionMinor: 1,
      httpVersion: '1.1',
      complete: true,
      rawHeaders: [Array],
      rawTrailers: [],
      joinDuplicateHeaders: undefined,
      aborted: false,
      upgrade: false,
      url: '',
      method: null,
      statusCode: 500,
      statusMessage: 'Internal Server Error',
      client: [TLSSocket],
      _consuming: false,
      _dumped: false,
      req: [Circular *1],
      _eventsCount: 4,
      responseUrl: 'https://api.localxlist.net/api/v1/categories/seo/Latin%20America/Brazil/Salvador%20Bahia',
      redirects: [],
      [Symbol(shapeMode)]: true,
      [Symbol(kCapture)]: false,
      [Symbol(kHeaders)]: [Object],
      [Symbol(kHeadersCount)]: 52,
      [Symbol(kTrailers)]: null,
      [Symbol(kTrailersCount)]: 0
    },
    aborted: false,
    timeoutCb: null,
    upgradeOrConnect: false,
    parser: null,
    maxHeadersCount: null,
    reusedSocket: true,
    host: 'api.localxlist.net',
    protocol: 'https:',
    _redirectable: Writable {
      _events: [Object],
      _writableState: [WritableState],
      _maxListeners: undefined,
      _options: [Object],
      _ended: true,
      _ending: true,
      _redirectCount: 0,
      _redirects: [],
      _requestBodyLength: 0,
      _requestBodyBuffers: [],
      _eventsCount: 3,
      _onNativeResponse: [Function (anonymous)],
      _currentRequest: [Circular *1],
      _currentUrl: 'https://api.localxlist.net/api/v1/categories/seo/Latin%20America/Brazil/Salvador%20Bahia',
      [Symbol(shapeMode)]: true,
      [Symbol(kCapture)]: false
    },
    [Symbol(shapeMode)]: false,
    [Symbol(kCapture)]: false,
    [Symbol(kBytesWritten)]: 0,
    [Symbol(kNeedDrain)]: false,
    [Symbol(corked)]: 0,
    [Symbol(kChunkedBuffer)]: [],
    [Symbol(kChunkedLength)]: 0,
    [Symbol(kSocket)]: TLSSocket {
      _tlsOptions: [Object],
      _secureEstablished: true,
      _securePending: false,
      _newSessionPending: false,
      _controlReleased: true,
      secureConnecting: false,
      _SNICallback: null,
      servername: 'api.localxlist.net',
      alpnProtocol: false,
      authorized: true,
      authorizationError: null,
      encrypted: true,
      _events: [Object: null prototype],
      _eventsCount: 9,
      connecting: false,
      _hadError: false,
      _parent: null,
      _host: 'api.localxlist.net',
      _closeAfterHandlingError: false,
      _readableState: [ReadableState],
      _writableState: [WritableState],
      allowHalfOpen: false,
      _maxListeners: undefined,
      _sockname: null,
      _pendingData: null,
      _pendingEncoding: '',
      server: undefined,
      _server: null,
      ssl: [TLSWrap],
      _requestCert: true,
      _rejectUnauthorized: true,
      timeout: 5000,
      parser: null,
      _httpMessage: null,
      [Symbol(alpncallback)]: null,
      [Symbol(res)]: [TLSWrap],
      [Symbol(verified)]: true,
      [Symbol(pendingSession)]: null,
      [Symbol(async_id_symbol)]: -1,
      [Symbol(kHandle)]: [TLSWrap],
      [Symbol(lastWriteQueueSize)]: 0,
      [Symbol(timeout)]: Timeout {
        _idleTimeout: 5000,
        _idlePrev: [TimersList],
        _idleNext: [Timeout],
        _idleStart: 551362,
        _onTimeout: [Function: bound ],
        _timerArgs: undefined,
        _repeat: null,
        _destroyed: false,
        [Symbol(refed)]: false,
        [Symbol(kHasPrimitive)]: false,
        [Symbol(asyncId)]: 705068,
        [Symbol(triggerId)]: 705066,
        [Symbol(kAsyncContextFrame)]: undefined,
        [Symbol(kResourceStore)]: undefined,
        [Symbol(kResourceStore)]: undefined,
        [Symbol(kResourceStore)]: undefined,
        [Symbol(kResourceStore)]: undefined
      },
      [Symbol(kBuffer)]: null,
      [Symbol(kBufferCb)]: null,
      [Symbol(kBufferGen)]: null,
      [Symbol(shapeMode)]: true,
      [Symbol(kCapture)]: false,
      [Symbol(kSetNoDelay)]: false,
      [Symbol(kSetKeepAlive)]: true,
      [Symbol(kSetKeepAliveInitialDelay)]: 1,
      [Symbol(kBytesRead)]: 0,
      [Symbol(kBytesWritten)]: 0,
      [Symbol(connect-options)]: [Object]
    },
    [Symbol(kOutHeaders)]: [Object: null prototype] {
      accept: [Array],
      'x-api-key': [Array],
      'user-agent': [Array],
      'accept-encoding': [Array],
      host: [Array]
    },
    [Symbol(errored)]: null,
    [Symbol(kHighWaterMark)]: 65536,
    [Symbol(kRejectNonStandardBodyWrites)]: false,
    [Symbol(kUniqueHeaders)]: null
  },
  response: {
    status: 500,
    statusText: 'Internal Server Error',
    headers: Object [AxiosHeaders] {
      server: 'nginx',
      date: 'Fri, 26 Sep 2025 12:47:34 GMT',
      'content-type': 'application/json; charset=utf-8',
      'content-length': '89',
      connection: 'keep-alive',
      'surrogate-control': 'no-store',
      'x-dns-prefetch-control': 'off',
      'origin-agent-cluster': '?1',
      pragma: 'no-cache',
      'cross-origin-resource-policy': 'same-origin',
      'x-frame-options': 'SAMEORIGIN',
      'content-security-policy': "default-src 'self';base-uri 'self';font-src 'self' https: data:;form-action 'self';frame-ancestors 'self';img-src 'self' data:;object-src 'none';script-src 'self';script-src-attr 'none';style-src 'self' https: 'unsafe-inline';upgrade-insecure-requests",
      'cache-control': 'no-store, no-cache, must-revalidate, proxy-revalidate',
      'access-control-allow-origin': '*',
      'strict-transport-security': 'max-age=31536000; includeSubDomains',
      'referrer-policy': 'no-referrer',
      'x-permitted-cross-domain-policies': 'none',
      'cross-origin-opener-policy': 'same-origin',
      'x-xss-protection': '0',
      'x-download-options': 'noopen',
      'x-content-type-options': 'nosniff',
      expires: '0',
      'x-powered-by': 'Phusion Passenger(R) 6.0.27',
      etag: 'W/"59-uJuN/q7myW1ZKL9Ma5zNv7YSn6s"',
      status: '500 Internal Server Error',
      vary: 'Accept-Encoding,User-Agent'
    },
    config: {
      transitional: [Object],
      adapter: [Array],
      transformRequest: [Array],
      transformResponse: [Array],
      timeout: 0,
      xsrfCookieName: 'XSRF-TOKEN',
      xsrfHeaderName: 'X-XSRF-TOKEN',
      maxContentLength: -1,
      maxBodyLength: -1,
      env: [Object],
      validateStatus: [Function: validateStatus],
      headers: [Object [AxiosHeaders]],
      baseURL: 'https://api.localxlist.net',
      method: 'get',
      url: '/api/v1/categories/seo/Latin America/Brazil/Salvador Bahia',
      allowAbsoluteUrls: true,
      data: undefined
    },
    request: <ref *1> ClientRequest {
      _events: [Object: null prototype],
      _eventsCount: 7,
      _maxListeners: undefined,
      outputData: [],
      outputSize: 0,
      writable: true,
      destroyed: true,
      _last: true,
      chunkedEncoding: false,
      shouldKeepAlive: true,
      maxRequestsOnConnectionReached: false,
      _defaultKeepAlive: true,
      useChunkedEncodingByDefault: false,
      sendDate: false,
      _removedConnection: false,
      _removedContLen: false,
      _removedTE: false,
      strictContentLength: false,
      _contentLength: 0,
      _hasBody: true,
      _trailer: '',
      finished: true,
      _headerSent: true,
      _closed: true,
      _header: 'GET /api/v1/categories/seo/Latin%20America/Brazil/Salvador%20Bahia HTTP/1.1\r\n' +
        'Accept: application/json, text/plain, */*\r\n' +
        'x-api-key: bG9jYWx4bGlzdDEyMzoxNzU4ODkwODU0\r\n' +
        'User-Agent: axios/1.11.0\r\n' +
        'Accept-Encoding: gzip, compress, deflate, br\r\n' +
        'Host: api.localxlist.net\r\n' +
        'Connection: keep-alive\r\n' +
        '\r\n',
      _keepAliveTimeout: 0,
      _onPendingData: [Function: nop],
      agent: [Agent],
      socketPath: undefined,
      method: 'GET',
      maxHeaderSize: undefined,
      insecureHTTPParser: undefined,
      joinDuplicateHeaders: undefined,
      path: '/api/v1/categories/seo/Latin%20America/Brazil/Salvador%20Bahia',
      _ended: true,
      res: [IncomingMessage],
      aborted: false,
      timeoutCb: null,
      upgradeOrConnect: false,
      parser: null,
      maxHeadersCount: null,
      reusedSocket: true,
      host: 'api.localxlist.net',
      protocol: 'https:',
      _redirectable: [Writable],
      [Symbol(shapeMode)]: false,
      [Symbol(kCapture)]: false,
      [Symbol(kBytesWritten)]: 0,
      [Symbol(kNeedDrain)]: false,
      [Symbol(corked)]: 0,
      [Symbol(kChunkedBuffer)]: [],
      [Symbol(kChunkedLength)]: 0,
      [Symbol(kSocket)]: [TLSSocket],
      [Symbol(kOutHeaders)]: [Object: null prototype],
      [Symbol(errored)]: null,
      [Symbol(kHighWaterMark)]: 65536,
      [Symbol(kRejectNonStandardBodyWrites)]: false,
      [Symbol(kUniqueHeaders)]: null
    },
    data: {
      success: false,
      message: "Cannot read properties of undefined (reading 'toLowerCase')"
    }
  },
  status: 500
}
[2025-09-27T01:49:03.248Z] ERROR: Axios response error: Request failed with status code 400
[2025-09-27T01:49:03.248Z] ERROR: Data fetch error: {
  message: 'An error occurred while processing your request. Please try again later.',
  name: 'AxiosError',
  code: 'ERR_BAD_REQUEST',
  config: {
    transitional: {
      silentJSONParsing: true,
      forcedJSONParsing: true,
      clarifyTimeoutError: false
    },
    adapter: [ 'xhr', 'http', 'fetch' ],
    transformRequest: [ [Function: transformRequest] ],
    transformResponse: [ [Function: transformResponse] ],
    timeout: 0,
    xsrfCookieName: 'XSRF-TOKEN',
    xsrfHeaderName: 'X-XSRF-TOKEN',
    maxContentLength: -1,
    maxBodyLength: -1,
    env: { FormData: [Function [FormData]], Blob: [class Blob] },
    validateStatus: [Function: validateStatus],
    headers: Object [AxiosHeaders] {
      Accept: 'application/json, text/plain, */*',
      'Content-Type': undefined,
      'x-api-key': 'bG9jYWx4bGlzdDEyMzoxNzU4OTM3NzQz',
      'User-Agent': 'axios/1.11.0',
      'Accept-Encoding': 'gzip, compress, deflate, br'
    },
    baseURL: 'https://api.localxlist.net',
    method: 'get',
    url: '/api/v1/post/seo/United States/Illinois/La Salle Co/Personals/Man For Women/8421547.html',
    allowAbsoluteUrls: true,
    data: undefined
  },
  request: <ref *1> ClientRequest {
    _events: [Object: null prototype] {
      abort: [Function (anonymous)],
      aborted: [Function (anonymous)],
      connect: [Function (anonymous)],
      error: [Function (anonymous)],
      socket: [Function (anonymous)],
      timeout: [Function (anonymous)],
      finish: [Function: requestOnFinish]
    },
    _eventsCount: 7,
    _maxListeners: undefined,
    outputData: [],
    outputSize: 0,
    writable: true,
    destroyed: true,
    _last: true,
    chunkedEncoding: false,
    shouldKeepAlive: true,
    maxRequestsOnConnectionReached: false,
    _defaultKeepAlive: true,
    useChunkedEncodingByDefault: false,
    sendDate: false,
    _removedConnection: false,
    _removedContLen: false,
    _removedTE: false,
    strictContentLength: false,
    _contentLength: 0,
    _hasBody: true,
    _trailer: '',
    finished: true,
    _headerSent: true,
    _closed: true,
    _header: 'GET /api/v1/post/seo/United%20States/Illinois/La%20Salle%20Co/Personals/Man%20For%20Women/8421547.html HTTP/1.1\r\n' +
      'Accept: application/json, text/plain, */*\r\n' +
      'x-api-key: bG9jYWx4bGlzdDEyMzoxNzU4OTM3NzQz\r\n' +
      'User-Agent: axios/1.11.0\r\n' +
      'Accept-Encoding: gzip, compress, deflate, br\r\n' +
      'Host: api.localxlist.net\r\n' +
      'Connection: keep-alive\r\n' +
      '\r\n',
    _keepAliveTimeout: 0,
    _onPendingData: [Function: nop],
    agent: Agent {
      _events: [Object: null prototype],
      _eventsCount: 2,
      _maxListeners: undefined,
      defaultPort: 443,
      protocol: 'https:',
      options: [Object: null prototype],
      requests: [Object: null prototype] {},
      sockets: [Object: null prototype] {},
      freeSockets: [Object: null prototype],
      keepAliveMsecs: 1000,
      keepAlive: true,
      maxSockets: Infinity,
      maxFreeSockets: 256,
      scheduling: 'lifo',
      maxTotalSockets: Infinity,
      totalSocketCount: 1,
      maxCachedSessions: 100,
      _sessionCache: [Object],
      [Symbol(shapeMode)]: false,
      [Symbol(kCapture)]: false
    },
    socketPath: undefined,
    method: 'GET',
    maxHeaderSize: undefined,
    insecureHTTPParser: undefined,
    joinDuplicateHeaders: undefined,
    path: '/api/v1/post/seo/United%20States/Illinois/La%20Salle%20Co/Personals/Man%20For%20Women/8421547.html',
    _ended: true,
    res: IncomingMessage {
      _events: [Object],
      _readableState: [ReadableState],
      _maxListeners: undefined,
      socket: null,
      httpVersionMajor: 1,
      httpVersionMinor: 1,
      httpVersion: '1.1',
      complete: true,
      rawHeaders: [Array],
      rawTrailers: [],
      joinDuplicateHeaders: undefined,
      aborted: false,
      upgrade: false,
      url: '',
      method: null,
      statusCode: 400,
      statusMessage: 'Bad Request',
      client: [TLSSocket],
      _consuming: false,
      _dumped: false,
      req: [Circular *1],
      _eventsCount: 4,
      responseUrl: 'https://api.localxlist.net/api/v1/post/seo/United%20States/Illinois/La%20Salle%20Co/Personals/Man%20For%20Women/8421547.html',
      redirects: [],
      [Symbol(shapeMode)]: true,
      [Symbol(kCapture)]: false,
      [Symbol(kHeaders)]: [Object],
      [Symbol(kHeadersCount)]: 52,
      [Symbol(kTrailers)]: null,
      [Symbol(kTrailersCount)]: 0
    },
    aborted: false,
    timeoutCb: null,
    upgradeOrConnect: false,
    parser: null,
    maxHeadersCount: null,
    reusedSocket: true,
    host: 'api.localxlist.net',
    protocol: 'https:',
    _redirectable: Writable {
      _events: [Object],
      _writableState: [WritableState],
      _maxListeners: undefined,
      _options: [Object],
      _ended: true,
      _ending: true,
      _redirectCount: 0,
      _redirects: [],
      _requestBodyLength: 0,
      _requestBodyBuffers: [],
      _eventsCount: 3,
      _onNativeResponse: [Function (anonymous)],
      _currentRequest: [Circular *1],
      _currentUrl: 'https://api.localxlist.net/api/v1/post/seo/United%20States/Illinois/La%20Salle%20Co/Personals/Man%20For%20Women/8421547.html',
      [Symbol(shapeMode)]: true,
      [Symbol(kCapture)]: false
    },
    [Symbol(shapeMode)]: false,
    [Symbol(kCapture)]: false,
    [Symbol(kBytesWritten)]: 0,
    [Symbol(kNeedDrain)]: false,
    [Symbol(corked)]: 0,
    [Symbol(kChunkedBuffer)]: [],
    [Symbol(kChunkedLength)]: 0,
    [Symbol(kSocket)]: TLSSocket {
      _tlsOptions: [Object],
      _secureEstablished: true,
      _securePending: false,
      _newSessionPending: false,
      _controlReleased: true,
      secureConnecting: false,
      _SNICallback: null,
      servername: 'api.localxlist.net',
      alpnProtocol: false,
      authorized: true,
      authorizationError: null,
      encrypted: true,
      _events: [Object: null prototype],
      _eventsCount: 9,
      connecting: false,
      _hadError: false,
      _parent: null,
      _host: 'api.localxlist.net',
      _closeAfterHandlingError: false,
      _readableState: [ReadableState],
      _writableState: [WritableState],
      allowHalfOpen: false,
      _maxListeners: undefined,
      _sockname: null,
      _pendingData: null,
      _pendingEncoding: '',
      server: undefined,
      _server: null,
      ssl: [TLSWrap],
      _requestCert: true,
      _rejectUnauthorized: true,
      timeout: 5000,
      parser: null,
      _httpMessage: null,
      [Symbol(alpncallback)]: null,
      [Symbol(res)]: [TLSWrap],
      [Symbol(verified)]: true,
      [Symbol(pendingSession)]: null,
      [Symbol(async_id_symbol)]: -1,
      [Symbol(kHandle)]: [TLSWrap],
      [Symbol(lastWriteQueueSize)]: 0,
      [Symbol(timeout)]: Timeout {
        _idleTimeout: 5000,
        _idlePrev: [TimersList],
        _idleNext: [TimersList],
        _idleStart: 2290200,
        _onTimeout: [Function: bound ],
        _timerArgs: undefined,
        _repeat: null,
        _destroyed: false,
        [Symbol(refed)]: false,
        [Symbol(kHasPrimitive)]: false,
        [Symbol(asyncId)]: 379916,
        [Symbol(triggerId)]: 379914,
        [Symbol(kAsyncContextFrame)]: undefined,
        [Symbol(kResourceStore)]: undefined,
        [Symbol(kResourceStore)]: undefined,
        [Symbol(kResourceStore)]: undefined,
        [Symbol(kResourceStore)]: undefined
      },
      [Symbol(kBuffer)]: null,
      [Symbol(kBufferCb)]: null,
      [Symbol(kBufferGen)]: null,
      [Symbol(shapeMode)]: true,
      [Symbol(kCapture)]: false,
      [Symbol(kSetNoDelay)]: false,
      [Symbol(kSetKeepAlive)]: true,
      [Symbol(kSetKeepAliveInitialDelay)]: 1,
      [Symbol(kBytesRead)]: 0,
      [Symbol(kBytesWritten)]: 0,
      [Symbol(connect-options)]: [Object]
    },
    [Symbol(kOutHeaders)]: [Object: null prototype] {
      accept: [Array],
      'x-api-key': [Array],
      'user-agent': [Array],
      'accept-encoding': [Array],
      host: [Array]
    },
    [Symbol(errored)]: null,
    [Symbol(kHighWaterMark)]: 65536,
    [Symbol(kRejectNonStandardBodyWrites)]: false,
    [Symbol(kUniqueHeaders)]: null
  },
  response: {
    status: 400,
    statusText: 'Bad Request',
    headers: Object [AxiosHeaders] {
      server: 'nginx',
      date: 'Sat, 27 Sep 2025 01:49:03 GMT',
      'content-type': 'application/json; charset=utf-8',
      'content-length': '45',
      connection: 'keep-alive',
      'surrogate-control': 'no-store',
      'x-dns-prefetch-control': 'off',
      'access-control-allow-origin': '*',
      'origin-agent-cluster': '?1',
      'strict-transport-security': 'max-age=31536000; includeSubDomains',
      'referrer-policy': 'no-referrer',
      'cache-control': 'no-store, no-cache, must-revalidate, proxy-revalidate',
      'x-permitted-cross-domain-policies': 'none',
      'cross-origin-opener-policy': 'same-origin',
      'x-xss-protection': '0',
      pragma: 'no-cache',
      'cross-origin-resource-policy': 'same-origin',
      'x-download-options': 'noopen',
      'x-frame-options': 'SAMEORIGIN',
      'x-content-type-options': 'nosniff',
      'content-security-policy': "default-src 'self';base-uri 'self';font-src 'self' https: data:;form-action 'self';frame-ancestors 'self';img-src 'self' data:;object-src 'none';script-src 'self';script-src-attr 'none';style-src 'self' https: 'unsafe-inline';upgrade-insecure-requests",
      expires: '0',
      'x-powered-by': 'Phusion Passenger(R) 6.0.27',
      etag: 'W/"2d-85ztog54aqFgJ5OGaIhzV4gifSg"',
      status: '400 Bad Request',
      vary: 'User-Agent'
    },
    config: {
      transitional: [Object],
      adapter: [Array],
      transformRequest: [Array],
      transformResponse: [Array],
      timeout: 0,
      xsrfCookieName: 'XSRF-TOKEN',
      xsrfHeaderName: 'X-XSRF-TOKEN',
      maxContentLength: -1,
      maxBodyLength: -1,
      env: [Object],
      validateStatus: [Function: validateStatus],
      headers: [Object [AxiosHeaders]],
      baseURL: 'https://api.localxlist.net',
      method: 'get',
      url: '/api/v1/post/seo/United States/Illinois/La Salle Co/Personals/Man For Women/8421547.html',
      allowAbsoluteUrls: true,
      data: undefined
    },
    request: <ref *1> ClientRequest {
      _events: [Object: null prototype],
      _eventsCount: 7,
      _maxListeners: undefined,
      outputData: [],
      outputSize: 0,
      writable: true,
      destroyed: true,
      _last: true,
      chunkedEncoding: false,
      shouldKeepAlive: true,
      maxRequestsOnConnectionReached: false,
      _defaultKeepAlive: true,
      useChunkedEncodingByDefault: false,
      sendDate: false,
      _removedConnection: false,
      _removedContLen: false,
      _removedTE: false,
      strictContentLength: false,
      _contentLength: 0,
      _hasBody: true,
      _trailer: '',
      finished: true,
      _headerSent: true,
      _closed: true,
      _header: 'GET /api/v1/post/seo/United%20States/Illinois/La%20Salle%20Co/Personals/Man%20For%20Women/8421547.html HTTP/1.1\r\n' +
        'Accept: application/json, text/plain, */*\r\n' +
        'x-api-key: bG9jYWx4bGlzdDEyMzoxNzU4OTM3NzQz\r\n' +
        'User-Agent: axios/1.11.0\r\n' +
        'Accept-Encoding: gzip, compress, deflate, br\r\n' +
        'Host: api.localxlist.net\r\n' +
        'Connection: keep-alive\r\n' +
        '\r\n',
      _keepAliveTimeout: 0,
      _onPendingData: [Function: nop],
      agent: [Agent],
      socketPath: undefined,
      method: 'GET',
      maxHeaderSize: undefined,
      insecureHTTPParser: undefined,
      joinDuplicateHeaders: undefined,
      path: '/api/v1/post/seo/United%20States/Illinois/La%20Salle%20Co/Personals/Man%20For%20Women/8421547.html',
      _ended: true,
      res: [IncomingMessage],
      aborted: false,
      timeoutCb: null,
      upgradeOrConnect: false,
      parser: null,
      maxHeadersCount: null,
      reusedSocket: true,
      host: 'api.localxlist.net',
      protocol: 'https:',
      _redirectable: [Writable],
      [Symbol(shapeMode)]: false,
      [Symbol(kCapture)]: false,
      [Symbol(kBytesWritten)]: 0,
      [Symbol(kNeedDrain)]: false,
      [Symbol(corked)]: 0,
      [Symbol(kChunkedBuffer)]: [],
      [Symbol(kChunkedLength)]: 0,
      [Symbol(kSocket)]: [TLSSocket],
      [Symbol(kOutHeaders)]: [Object: null prototype],
      [Symbol(errored)]: null,
      [Symbol(kHighWaterMark)]: 65536,
      [Symbol(kRejectNonStandardBodyWrites)]: false,
      [Symbol(kUniqueHeaders)]: null
    },
    data: { success: false, message: 'Post not found.' }
  },
  status: 400
}
[2025-10-15T08:40:42.084Z] ERROR: Failed to prepare Next.js app: Error: Could not find a production build in the '.next' directory. Try building your app with 'next build' before starting the production server. https://nextjs.org/docs/messages/production-start-no-build-id
    at setupFsCheck (C:\Utkarsh\coding\Freelance Projects\localxlist\frontend\node_modules\next\dist\server\lib\router-utils\filesystem.js:148:41)
    at async initialize (C:\Utkarsh\coding\Freelance Projects\localxlist\frontend\node_modules\next\dist\server\lib\router-server.js:109:23)
    at async NextCustomServer.prepare (C:\Utkarsh\coding\Freelance Projects\localxlist\frontend\node_modules\next\dist\server\next.js:276:28)
[2025-10-15T08:51:04.206Z] ERROR: Axios response error: Request failed with status code 500
[2025-10-15T08:51:04.209Z] ERROR: SEO Fetch Error: {
  message: 'An error occurred while processing your request. Please try again later.',
  name: 'AxiosError',
  code: 'ERR_BAD_RESPONSE',
  config: {
    transitional: {
      silentJSONParsing: true,
      forcedJSONParsing: true,
      clarifyTimeoutError: false
    },
    adapter: [ 'xhr', 'http', 'fetch' ],
    transformRequest: [ [Function: transformRequest] ],
    transformResponse: [ [Function: transformResponse] ],
    timeout: 0,
    xsrfCookieName: 'XSRF-TOKEN',
    xsrfHeaderName: 'X-XSRF-TOKEN',
    maxContentLength: -1,
    maxBodyLength: -1,
    env: { FormData: [Function [FormData]], Blob: [class Blob] },
    validateStatus: [Function: validateStatus],
    headers: Object [AxiosHeaders] {
      Accept: 'application/json, text/plain, */*',
      'Content-Type': undefined,
      'x-api-key': 'bG9jYWx4bGlzdDEyMzoxNzYwNTE4MjYz',
      'User-Agent': 'axios/1.11.0',
      'Accept-Encoding': 'gzip, compress, deflate, br'
    },
    baseURL: 'https://api.localxlist.net',
    method: 'get',
    url: '/api/v1/categories/seo/Australia And United Kingdom/United Kingdom/Birmingham West Mids',
    allowAbsoluteUrls: true,
    data: undefined
  },
  request: <ref *1> ClientRequest {
    _events: [Object: null prototype] {
      abort: [Function (anonymous)],
      aborted: [Function (anonymous)],
      connect: [Function (anonymous)],
      error: [Function (anonymous)],
      socket: [Function (anonymous)],
      timeout: [Function (anonymous)],
      finish: [Function: requestOnFinish]
    },
    _eventsCount: 7,
    _maxListeners: undefined,
    outputData: [],
    outputSize: 0,
    writable: true,
    destroyed: true,
    _last: true,
    chunkedEncoding: false,
    shouldKeepAlive: true,
    maxRequestsOnConnectionReached: false,
    _defaultKeepAlive: true,
    useChunkedEncodingByDefault: false,
    sendDate: false,
    _removedConnection: false,
    _removedContLen: false,
    _removedTE: false,
    strictContentLength: false,
    _contentLength: 0,
    _hasBody: true,
    _trailer: '',
    finished: true,
    _headerSent: true,
    _closed: true,
    socket: TLSSocket {
      _tlsOptions: [Object],
      _secureEstablished: true,
      _securePending: false,
      _newSessionPending: false,
      _controlReleased: true,
      secureConnecting: false,
      _SNICallback: null,
      servername: 'api.localxlist.net',
      alpnProtocol: false,
      authorized: true,
      authorizationError: null,
      encrypted: true,
      _events: [Object: null prototype],
      _eventsCount: 9,
      connecting: false,
      _hadError: false,
      _parent: null,
      _host: 'api.localxlist.net',
      _closeAfterHandlingError: false,
      _readableState: [ReadableState],
      _writableState: [WritableState],
      allowHalfOpen: false,
      _maxListeners: undefined,
      _sockname: null,
      _pendingData: null,
      _pendingEncoding: '',
      server: undefined,
      _server: null,
      ssl: [TLSWrap],
      _requestCert: true,
      _rejectUnauthorized: true,
      timeout: 5000,
      parser: null,
      _httpMessage: null,
      [Symbol(alpncallback)]: null,
      [Symbol(res)]: [TLSWrap],
      [Symbol(verified)]: true,
      [Symbol(pendingSession)]: null,
      [Symbol(async_id_symbol)]: -1,
      [Symbol(kHandle)]: [TLSWrap],
      [Symbol(lastWriteQueueSize)]: 0,
      [Symbol(timeout)]: Timeout {
        _idleTimeout: 5000,
        _idlePrev: [TimersList],
        _idleNext: [Timeout],
        _idleStart: 52286,
        _onTimeout: [Function: bound ],
        _timerArgs: undefined,
        _repeat: null,
        _destroyed: false,
        [Symbol(refed)]: false,
        [Symbol(kHasPrimitive)]: false,
        [Symbol(asyncId)]: 320220,
        [Symbol(triggerId)]: 320218,
        [Symbol(kResourceStore)]: undefined,
        [Symbol(kResourceStore)]: undefined,
        [Symbol(kResourceStore)]: undefined,
        [Symbol(kResourceStore)]: undefined
      },
      [Symbol(kBuffer)]: null,
      [Symbol(kBufferCb)]: null,
      [Symbol(kBufferGen)]: null,
      [Symbol(shapeMode)]: true,
      [Symbol(kCapture)]: false,
      [Symbol(kSetNoDelay)]: false,
      [Symbol(kSetKeepAlive)]: true,
      [Symbol(kSetKeepAliveInitialDelay)]: 1,
      [Symbol(kBytesRead)]: 0,
      [Symbol(kBytesWritten)]: 0,
      [Symbol(connect-options)]: [Object]
    },
    _header: 'GET /api/v1/categories/seo/Australia%20And%20United%20Kingdom/United%20Kingdom/Birmingham%20West%20Mids HTTP/1.1\r\n' +
      'Accept: application/json, text/plain, */*\r\n' +
      'x-api-key: bG9jYWx4bGlzdDEyMzoxNzYwNTE4MjYz\r\n' +
      'User-Agent: axios/1.11.0\r\n' +
      'Accept-Encoding: gzip, compress, deflate, br\r\n' +
      'Host: api.localxlist.net\r\n' +
      'Connection: keep-alive\r\n' +
      '\r\n',
    _keepAliveTimeout: 0,
    _onPendingData: [Function: nop],
    agent: Agent {
      _events: [Object: null prototype],
      _eventsCount: 2,
      _maxListeners: undefined,
      defaultPort: 443,
      protocol: 'https:',
      options: [Object: null prototype],
      requests: [Object: null prototype] {},
      sockets: [Object: null prototype],
      freeSockets: [Object: null prototype],
      keepAliveMsecs: 1000,
      keepAlive: true,
      maxSockets: Infinity,
      maxFreeSockets: 256,
      scheduling: 'lifo',
      maxTotalSockets: Infinity,
      totalSocketCount: 6,
      maxCachedSessions: 100,
      _sessionCache: [Object],
      [Symbol(shapeMode)]: false,
      [Symbol(kCapture)]: false
    },
    socketPath: undefined,
    method: 'GET',
    maxHeaderSize: undefined,
    insecureHTTPParser: undefined,
    joinDuplicateHeaders: undefined,
    path: '/api/v1/categories/seo/Australia%20And%20United%20Kingdom/United%20Kingdom/Birmingham%20West%20Mids',
    _ended: true,
    res: IncomingMessage {
      _events: [Object],
      _readableState: [ReadableState],
      _maxListeners: undefined,
      socket: null,
      httpVersionMajor: 1,
      httpVersionMinor: 1,
      httpVersion: '1.1',
      complete: true,
      rawHeaders: [Array],
      rawTrailers: [],
      joinDuplicateHeaders: undefined,
      aborted: false,
      upgrade: false,
      url: '',
      method: null,
      statusCode: 500,
      statusMessage: 'Internal Server Error',
      client: [TLSSocket],
      _consuming: false,
      _dumped: false,
      req: [Circular *1],
      _eventsCount: 4,
      responseUrl: 'https://api.localxlist.net/api/v1/categories/seo/Australia%20And%20United%20Kingdom/United%20Kingdom/Birmingham%20West%20Mids',
      redirects: [],
      [Symbol(shapeMode)]: true,
      [Symbol(kCapture)]: false,
      [Symbol(kHeaders)]: [Object],
      [Symbol(kHeadersCount)]: 52,
      [Symbol(kTrailers)]: null,
      [Symbol(kTrailersCount)]: 0
    },
    aborted: false,
    timeoutCb: null,
    upgradeOrConnect: false,
    parser: null,
    maxHeadersCount: null,
    reusedSocket: true,
    host: 'api.localxlist.net',
    protocol: 'https:',
    _redirectable: Writable {
      _events: [Object],
      _writableState: [WritableState],
      _maxListeners: undefined,
      _options: [Object],
      _ended: true,
      _ending: true,
      _redirectCount: 0,
      _redirects: [],
      _requestBodyLength: 0,
      _requestBodyBuffers: [],
      _eventsCount: 3,
      _onNativeResponse: [Function (anonymous)],
      _currentRequest: [Circular *1],
      _currentUrl: 'https://api.localxlist.net/api/v1/categories/seo/Australia%20And%20United%20Kingdom/United%20Kingdom/Birmingham%20West%20Mids',
      [Symbol(shapeMode)]: true,
      [Symbol(kCapture)]: false
    },
    [Symbol(shapeMode)]: false,
    [Symbol(kCapture)]: false,
    [Symbol(kBytesWritten)]: 0,
    [Symbol(kNeedDrain)]: false,
    [Symbol(corked)]: 0,
    [Symbol(kOutHeaders)]: [Object: null prototype] {
      accept: [Array],
      'x-api-key': [Array],
      'user-agent': [Array],
      'accept-encoding': [Array],
      host: [Array]
    },
    [Symbol(errored)]: null,
    [Symbol(kHighWaterMark)]: 16384,
    [Symbol(kRejectNonStandardBodyWrites)]: false,
    [Symbol(kUniqueHeaders)]: null
  },
  response: {
    status: 500,
    statusText: 'Internal Server Error',
    headers: Object [AxiosHeaders] {
      server: 'nginx',
      date: 'Wed, 15 Oct 2025 08:51:05 GMT',
      'content-type': 'application/json; charset=utf-8',
      'content-length': '89',
      connection: 'keep-alive',
      'surrogate-control': 'no-store',
      'x-dns-prefetch-control': 'off',
      'access-control-allow-origin': '*',
      'origin-agent-cluster': '?1',
      'strict-transport-security': 'max-age=31536000; includeSubDomains',
      'referrer-policy': 'no-referrer',
      'cache-control': 'no-store, no-cache, must-revalidate, proxy-revalidate',
      'x-permitted-cross-domain-policies': 'none',
      'cross-origin-opener-policy': 'same-origin',
      'x-xss-protection': '0',
      pragma: 'no-cache',
      'cross-origin-resource-policy': 'same-origin',
      'x-download-options': 'noopen',
      'x-frame-options': 'SAMEORIGIN',
      'x-content-type-options': 'nosniff',
      'content-security-policy': "default-src 'self';base-uri 'self';font-src 'self' https: data:;form-action 'self';frame-ancestors 'self';img-src 'self' data:;object-src 'none';script-src 'self';script-src-attr 'none';style-src 'self' https: 'unsafe-inline';upgrade-insecure-requests",
      expires: '0',
      'x-powered-by': 'Phusion Passenger(R) 6.1.0',
      etag: 'W/"59-uJuN/q7myW1ZKL9Ma5zNv7YSn6s"',
      status: '500 Internal Server Error',
      vary: 'Accept-Encoding,User-Agent'
    },
    config: {
      transitional: [Object],
      adapter: [Array],
      transformRequest: [Array],
      transformResponse: [Array],
      timeout: 0,
      xsrfCookieName: 'XSRF-TOKEN',
      xsrfHeaderName: 'X-XSRF-TOKEN',
      maxContentLength: -1,
      maxBodyLength: -1,
      env: [Object],
      validateStatus: [Function: validateStatus],
      headers: [Object [AxiosHeaders]],
      baseURL: 'https://api.localxlist.net',
      method: 'get',
      url: '/api/v1/categories/seo/Australia And United Kingdom/United Kingdom/Birmingham West Mids',
      allowAbsoluteUrls: true,
      data: undefined
    },
    request: <ref *1> ClientRequest {
      _events: [Object: null prototype],
      _eventsCount: 7,
      _maxListeners: undefined,
      outputData: [],
      outputSize: 0,
      writable: true,
      destroyed: true,
      _last: true,
      chunkedEncoding: false,
      shouldKeepAlive: true,
      maxRequestsOnConnectionReached: false,
      _defaultKeepAlive: true,
      useChunkedEncodingByDefault: false,
      sendDate: false,
      _removedConnection: false,
      _removedContLen: false,
      _removedTE: false,
      strictContentLength: false,
      _contentLength: 0,
      _hasBody: true,
      _trailer: '',
      finished: true,
      _headerSent: true,
      _closed: true,
      socket: [TLSSocket],
      _header: 'GET /api/v1/categories/seo/Australia%20And%20United%20Kingdom/United%20Kingdom/Birmingham%20West%20Mids HTTP/1.1\r\n' +
        'Accept: application/json, text/plain, */*\r\n' +
        'x-api-key: bG9jYWx4bGlzdDEyMzoxNzYwNTE4MjYz\r\n' +
        'User-Agent: axios/1.11.0\r\n' +
        'Accept-Encoding: gzip, compress, deflate, br\r\n' +
        'Host: api.localxlist.net\r\n' +
        'Connection: keep-alive\r\n' +
        '\r\n',
      _keepAliveTimeout: 0,
      _onPendingData: [Function: nop],
      agent: [Agent],
      socketPath: undefined,
      method: 'GET',
      maxHeaderSize: undefined,
      insecureHTTPParser: undefined,
      joinDuplicateHeaders: undefined,
      path: '/api/v1/categories/seo/Australia%20And%20United%20Kingdom/United%20Kingdom/Birmingham%20West%20Mids',
      _ended: true,
      res: [IncomingMessage],
      aborted: false,
      timeoutCb: null,
      upgradeOrConnect: false,
      parser: null,
      maxHeadersCount: null,
      reusedSocket: true,
      host: 'api.localxlist.net',
      protocol: 'https:',
      _redirectable: [Writable],
      [Symbol(shapeMode)]: false,
      [Symbol(kCapture)]: false,
      [Symbol(kBytesWritten)]: 0,
      [Symbol(kNeedDrain)]: false,
      [Symbol(corked)]: 0,
      [Symbol(kOutHeaders)]: [Object: null prototype],
      [Symbol(errored)]: null,
      [Symbol(kHighWaterMark)]: 16384,
      [Symbol(kRejectNonStandardBodyWrites)]: false,
      [Symbol(kUniqueHeaders)]: null
    },
    data: {
      success: false,
      message: "Cannot read properties of undefined (reading 'toLowerCase')"
    }
  },
  status: 500
}
[2025-10-15T08:51:19.179Z] ERROR: Axios response error: Request failed with status code 500
[2025-10-15T08:51:19.180Z] ERROR: SEO Fetch Error: {
  message: 'An error occurred while processing your request. Please try again later.',
  name: 'AxiosError',
  code: 'ERR_BAD_RESPONSE',
  config: {
    transitional: {
      silentJSONParsing: true,
      forcedJSONParsing: true,
      clarifyTimeoutError: false
    },
    adapter: [ 'xhr', 'http', 'fetch' ],
    transformRequest: [ [Function: transformRequest] ],
    transformResponse: [ [Function: transformResponse] ],
    timeout: 0,
    xsrfCookieName: 'XSRF-TOKEN',
    xsrfHeaderName: 'X-XSRF-TOKEN',
    maxContentLength: -1,
    maxBodyLength: -1,
    env: { FormData: [Function [FormData]], Blob: [class Blob] },
    validateStatus: [Function: validateStatus],
    headers: Object [AxiosHeaders] {
      Accept: 'application/json, text/plain, */*',
      'Content-Type': undefined,
      'x-api-key': 'bG9jYWx4bGlzdDEyMzoxNzYwNTE4Mjc4',
      'User-Agent': 'axios/1.11.0',
      'Accept-Encoding': 'gzip, compress, deflate, br'
    },
    baseURL: 'https://api.localxlist.net',
    method: 'get',
    url: '/api/v1/categories/seo/Latin America/Brazil/Salvador Bahia',
    allowAbsoluteUrls: true,
    data: undefined
  },
  request: <ref *1> ClientRequest {
    _events: [Object: null prototype] {
      abort: [Function (anonymous)],
      aborted: [Function (anonymous)],
      connect: [Function (anonymous)],
      error: [Function (anonymous)],
      socket: [Function (anonymous)],
      timeout: [Function (anonymous)],
      finish: [Function: requestOnFinish]
    },
    _eventsCount: 7,
    _maxListeners: undefined,
    outputData: [],
    outputSize: 0,
    writable: true,
    destroyed: true,
    _last: true,
    chunkedEncoding: false,
    shouldKeepAlive: true,
    maxRequestsOnConnectionReached: false,
    _defaultKeepAlive: true,
    useChunkedEncodingByDefault: false,
    sendDate: false,
    _removedConnection: false,
    _removedContLen: false,
    _removedTE: false,
    strictContentLength: false,
    _contentLength: 0,
    _hasBody: true,
    _trailer: '',
    finished: true,
    _headerSent: true,
    _closed: true,
    socket: TLSSocket {
      _tlsOptions: [Object],
      _secureEstablished: true,
      _securePending: false,
      _newSessionPending: false,
      _controlReleased: true,
      secureConnecting: false,
      _SNICallback: null,
      servername: 'api.localxlist.net',
      alpnProtocol: false,
      authorized: true,
      authorizationError: null,
      encrypted: true,
      _events: [Object: null prototype],
      _eventsCount: 9,
      connecting: false,
      _hadError: false,
      _parent: null,
      _host: 'api.localxlist.net',
      _closeAfterHandlingError: false,
      _readableState: [ReadableState],
      _writableState: [WritableState],
      allowHalfOpen: false,
      _maxListeners: undefined,
      _sockname: null,
      _pendingData: null,
      _pendingEncoding: '',
      server: undefined,
      _server: null,
      ssl: [TLSWrap],
      _requestCert: true,
      _rejectUnauthorized: true,
      timeout: 5000,
      parser: null,
      _httpMessage: null,
      [Symbol(alpncallback)]: null,
      [Symbol(res)]: [TLSWrap],
      [Symbol(verified)]: true,
      [Symbol(pendingSession)]: null,
      [Symbol(async_id_symbol)]: -1,
      [Symbol(kHandle)]: [TLSWrap],
      [Symbol(lastWriteQueueSize)]: 0,
      [Symbol(timeout)]: Timeout {
        _idleTimeout: 5000,
        _idlePrev: [TimersList],
        _idleNext: [Timeout],
        _idleStart: 67259,
        _onTimeout: [Function: bound ],
        _timerArgs: undefined,
        _repeat: null,
        _destroyed: false,
        [Symbol(refed)]: false,
        [Symbol(kHasPrimitive)]: false,
        [Symbol(asyncId)]: 425010,
        [Symbol(triggerId)]: 425008,
        [Symbol(kResourceStore)]: undefined,
        [Symbol(kResourceStore)]: undefined,
        [Symbol(kResourceStore)]: undefined,
        [Symbol(kResourceStore)]: undefined
      },
      [Symbol(kBuffer)]: null,
      [Symbol(kBufferCb)]: null,
      [Symbol(kBufferGen)]: null,
      [Symbol(shapeMode)]: true,
      [Symbol(kCapture)]: false,
      [Symbol(kSetNoDelay)]: false,
      [Symbol(kSetKeepAlive)]: true,
      [Symbol(kSetKeepAliveInitialDelay)]: 1,
      [Symbol(kBytesRead)]: 0,
      [Symbol(kBytesWritten)]: 0,
      [Symbol(connect-options)]: [Object]
    },
    _header: 'GET /api/v1/categories/seo/Latin%20America/Brazil/Salvador%20Bahia HTTP/1.1\r\n' +
      'Accept: application/json, text/plain, */*\r\n' +
      'x-api-key: bG9jYWx4bGlzdDEyMzoxNzYwNTE4Mjc4\r\n' +
      'User-Agent: axios/1.11.0\r\n' +
      'Accept-Encoding: gzip, compress, deflate, br\r\n' +
      'Host: api.localxlist.net\r\n' +
      'Connection: keep-alive\r\n' +
      '\r\n',
    _keepAliveTimeout: 0,
    _onPendingData: [Function: nop],
    agent: Agent {
      _events: [Object: null prototype],
      _eventsCount: 2,
      _maxListeners: undefined,
      defaultPort: 443,
      protocol: 'https:',
      options: [Object: null prototype],
      requests: [Object: null prototype] {},
      sockets: [Object: null prototype],
      freeSockets: [Object: null prototype],
      keepAliveMsecs: 1000,
      keepAlive: true,
      maxSockets: Infinity,
      maxFreeSockets: 256,
      scheduling: 'lifo',
      maxTotalSockets: Infinity,
      totalSocketCount: 6,
      maxCachedSessions: 100,
      _sessionCache: [Object],
      [Symbol(shapeMode)]: false,
      [Symbol(kCapture)]: false
    },
    socketPath: undefined,
    method: 'GET',
    maxHeaderSize: undefined,
    insecureHTTPParser: undefined,
    joinDuplicateHeaders: undefined,
    path: '/api/v1/categories/seo/Latin%20America/Brazil/Salvador%20Bahia',
    _ended: true,
    res: IncomingMessage {
      _events: [Object],
      _readableState: [ReadableState],
      _maxListeners: undefined,
      socket: null,
      httpVersionMajor: 1,
      httpVersionMinor: 1,
      httpVersion: '1.1',
      complete: true,
      rawHeaders: [Array],
      rawTrailers: [],
      joinDuplicateHeaders: undefined,
      aborted: false,
      upgrade: false,
      url: '',
      method: null,
      statusCode: 500,
      statusMessage: 'Internal Server Error',
      client: [TLSSocket],
      _consuming: false,
      _dumped: false,
      req: [Circular *1],
      _eventsCount: 4,
      responseUrl: 'https://api.localxlist.net/api/v1/categories/seo/Latin%20America/Brazil/Salvador%20Bahia',
      redirects: [],
      [Symbol(shapeMode)]: true,
      [Symbol(kCapture)]: false,
      [Symbol(kHeaders)]: [Object],
      [Symbol(kHeadersCount)]: 52,
      [Symbol(kTrailers)]: null,
      [Symbol(kTrailersCount)]: 0
    },
    aborted: false,
    timeoutCb: null,
    upgradeOrConnect: false,
    parser: null,
    maxHeadersCount: null,
    reusedSocket: true,
    host: 'api.localxlist.net',
    protocol: 'https:',
    _redirectable: Writable {
      _events: [Object],
      _writableState: [WritableState],
      _maxListeners: undefined,
      _options: [Object],
      _ended: true,
      _ending: true,
      _redirectCount: 0,
      _redirects: [],
      _requestBodyLength: 0,
      _requestBodyBuffers: [],
      _eventsCount: 3,
      _onNativeResponse: [Function (anonymous)],
      _currentRequest: [Circular *1],
      _currentUrl: 'https://api.localxlist.net/api/v1/categories/seo/Latin%20America/Brazil/Salvador%20Bahia',
      [Symbol(shapeMode)]: true,
      [Symbol(kCapture)]: false
    },
    [Symbol(shapeMode)]: false,
    [Symbol(kCapture)]: false,
    [Symbol(kBytesWritten)]: 0,
    [Symbol(kNeedDrain)]: false,
    [Symbol(corked)]: 0,
    [Symbol(kOutHeaders)]: [Object: null prototype] {
      accept: [Array],
      'x-api-key': [Array],
      'user-agent': [Array],
      'accept-encoding': [Array],
      host: [Array]
    },
    [Symbol(errored)]: null,
    [Symbol(kHighWaterMark)]: 16384,
    [Symbol(kRejectNonStandardBodyWrites)]: false,
    [Symbol(kUniqueHeaders)]: null
  },
  response: {
    status: 500,
    statusText: 'Internal Server Error',
    headers: Object [AxiosHeaders] {
      server: 'nginx',
      date: 'Wed, 15 Oct 2025 08:51:20 GMT',
      'content-type': 'application/json; charset=utf-8',
      'content-length': '89',
      connection: 'keep-alive',
      'surrogate-control': 'no-store',
      'x-dns-prefetch-control': 'off',
      'access-control-allow-origin': '*',
      'origin-agent-cluster': '?1',
      'strict-transport-security': 'max-age=31536000; includeSubDomains',
      'referrer-policy': 'no-referrer',
      'cache-control': 'no-store, no-cache, must-revalidate, proxy-revalidate',
      'x-permitted-cross-domain-policies': 'none',
      'cross-origin-opener-policy': 'same-origin',
      'x-xss-protection': '0',
      pragma: 'no-cache',
      'cross-origin-resource-policy': 'same-origin',
      'x-download-options': 'noopen',
      'x-frame-options': 'SAMEORIGIN',
      'x-content-type-options': 'nosniff',
      'content-security-policy': "default-src 'self';base-uri 'self';font-src 'self' https: data:;form-action 'self';frame-ancestors 'self';img-src 'self' data:;object-src 'none';script-src 'self';script-src-attr 'none';style-src 'self' https: 'unsafe-inline';upgrade-insecure-requests",
      expires: '0',
      'x-powered-by': 'Phusion Passenger(R) 6.1.0',
      etag: 'W/"59-uJuN/q7myW1ZKL9Ma5zNv7YSn6s"',
      status: '500 Internal Server Error',
      vary: 'Accept-Encoding,User-Agent'
    },
    config: {
      transitional: [Object],
      adapter: [Array],
      transformRequest: [Array],
      transformResponse: [Array],
      timeout: 0,
      xsrfCookieName: 'XSRF-TOKEN',
      xsrfHeaderName: 'X-XSRF-TOKEN',
      maxContentLength: -1,
      maxBodyLength: -1,
      env: [Object],
      validateStatus: [Function: validateStatus],
      headers: [Object [AxiosHeaders]],
      baseURL: 'https://api.localxlist.net',
      method: 'get',
      url: '/api/v1/categories/seo/Latin America/Brazil/Salvador Bahia',
      allowAbsoluteUrls: true,
      data: undefined
    },
    request: <ref *1> ClientRequest {
      _events: [Object: null prototype],
      _eventsCount: 7,
      _maxListeners: undefined,
      outputData: [],
      outputSize: 0,
      writable: true,
      destroyed: true,
      _last: true,
      chunkedEncoding: false,
      shouldKeepAlive: true,
      maxRequestsOnConnectionReached: false,
      _defaultKeepAlive: true,
      useChunkedEncodingByDefault: false,
      sendDate: false,
      _removedConnection: false,
      _removedContLen: false,
      _removedTE: false,
      strictContentLength: false,
      _contentLength: 0,
      _hasBody: true,
      _trailer: '',
      finished: true,
      _headerSent: true,
      _closed: true,
      socket: [TLSSocket],
      _header: 'GET /api/v1/categories/seo/Latin%20America/Brazil/Salvador%20Bahia HTTP/1.1\r\n' +
        'Accept: application/json, text/plain, */*\r\n' +
        'x-api-key: bG9jYWx4bGlzdDEyMzoxNzYwNTE4Mjc4\r\n' +
        'User-Agent: axios/1.11.0\r\n' +
        'Accept-Encoding: gzip, compress, deflate, br\r\n' +
        'Host: api.localxlist.net\r\n' +
        'Connection: keep-alive\r\n' +
        '\r\n',
      _keepAliveTimeout: 0,
      _onPendingData: [Function: nop],
      agent: [Agent],
      socketPath: undefined,
      method: 'GET',
      maxHeaderSize: undefined,
      insecureHTTPParser: undefined,
      joinDuplicateHeaders: undefined,
      path: '/api/v1/categories/seo/Latin%20America/Brazil/Salvador%20Bahia',
      _ended: true,
      res: [IncomingMessage],
      aborted: false,
      timeoutCb: null,
      upgradeOrConnect: false,
      parser: null,
      maxHeadersCount: null,
      reusedSocket: true,
      host: 'api.localxlist.net',
      protocol: 'https:',
      _redirectable: [Writable],
      [Symbol(shapeMode)]: false,
      [Symbol(kCapture)]: false,
      [Symbol(kBytesWritten)]: 0,
      [Symbol(kNeedDrain)]: false,
      [Symbol(corked)]: 0,
      [Symbol(kOutHeaders)]: [Object: null prototype],
      [Symbol(errored)]: null,
      [Symbol(kHighWaterMark)]: 16384,
      [Symbol(kRejectNonStandardBodyWrites)]: false,
      [Symbol(kUniqueHeaders)]: null
    },
    data: {
      success: false,
      message: "Cannot read properties of undefined (reading 'toLowerCase')"
    }
  },
  status: 500
}
[2025-10-16T05:54:31.010Z] ERROR: Failed to prepare Next.js app: Error: Could not find a production build in the '.next' directory. Try building your app with 'next build' before starting the production server. https://nextjs.org/docs/messages/production-start-no-build-id
    at setupFsCheck (D:\inventory\TechiziBuilder\Utkrash\lxl-frontend\node_modules\next\dist\server\lib\router-utils\filesystem.js:148:41)
    at async initialize (D:\inventory\TechiziBuilder\Utkrash\lxl-frontend\node_modules\next\dist\server\lib\router-server.js:109:23)
    at async NextCustomServer.prepare (D:\inventory\TechiziBuilder\Utkrash\lxl-frontend\node_modules\next\dist\server\next.js:276:28)
[2025-10-16T06:14:07.889Z] ERROR: Uncaught Exception: Error: listen EADDRINUSE: address already in use 0.0.0.0:3001
    at Server.setupListenHandle [as _listen2] (node:net:1908:16)
    at listenInCluster (node:net:1965:12)
    at doListen (node:net:2139:7)
    at process.processTicksAndRejections (node:internal/process/task_queues:83:21)
